Using pre-set license
Built from '2020.3/release' branch; Version is '2020.3.1f1 (77a89f25062f) revision 7841951'; Using compiler version '192528614'; Build Type 'Release'
OS: 'Windows 10 Pro; OS build 19042.1052; Version 2009; 64bit' Language: 'es' Physical Memory: 15731 MB
BatchMode: 1, IsHumanControllingUs: 0, StartBugReporterOnCrash: 0, Is64bit: 1, IsPro: 0

 COMMAND LINE ARGUMENTS:
C:\Program Files\2020.3.1f1\Editor\Unity.exe
-adb2
-batchMode
-noUpm
-name
AssetImportWorker0
-projectPath
C:/Users/andre/Documents/GitHub/Sky Nomad/Sky_Nomad_Android_Game/Sky Nomad
-logFile
Logs/AssetImportWorker0.log
-srvPort
59619
Successfully changed project path to: C:/Users/andre/Documents/GitHub/Sky Nomad/Sky_Nomad_Android_Game/Sky Nomad
C:/Users/andre/Documents/GitHub/Sky Nomad/Sky_Nomad_Android_Game/Sky Nomad
Using Asset Import Pipeline V2.
Refreshing native plugins compatible for Editor in 721.06 ms, found 1 plugins.
Preloading 0 native plugins for Editor in 0.00 ms.
Initialize engine version: 2020.3.1f1 (77a89f25062f)
[Subsystems] Discovering subsystems at path C:/Program Files/2020.3.1f1/Editor/Data/Resources/UnitySubsystems
[Subsystems] Discovering subsystems at path C:/Users/andre/Documents/GitHub/Sky Nomad/Sky_Nomad_Android_Game/Sky Nomad/Assets
GfxDevice: creating device client; threaded=0
Direct3D:
    Version:  Direct3D 11.0 [level 11.1]
    Renderer: NVIDIA GeForce RTX 2060 (ID=0x1f15)
    Vendor:   
    VRAM:     5980 MB
    Driver:   27.21.14.6677
Initialize mono
Mono path[0] = 'C:/Program Files/2020.3.1f1/Editor/Data/Managed'
Mono path[1] = 'C:/Program Files/2020.3.1f1/Editor/Data/MonoBleedingEdge/lib/mono/unityjit'
Mono config path = 'C:/Program Files/2020.3.1f1/Editor/Data/MonoBleedingEdge/etc'
Using monoOptions --debugger-agent=transport=dt_socket,embedding=1,server=y,suspend=n,address=127.0.0.1:56792
Begin MonoManager ReloadAssembly
Registering precompiled unity dll's ...
Register platform support module: C:/Program Files/2020.3.1f1/Editor/Data/PlaybackEngines/WebGLSupport/UnityEditor.WebGL.Extensions.dll
Register platform support module: C:/Program Files/2020.3.1f1/Editor/Data/PlaybackEngines/WindowsStandaloneSupport/UnityEditor.WindowsStandalone.Extensions.dll
Registered in 0.001797 seconds.
Native extension for WindowsStandalone target not found
Native extension for WebGL target not found
Refreshing native plugins compatible for Editor in 673.40 ms, found 1 plugins.
Preloading 0 native plugins for Editor in 0.00 ms.
Invoked RoslynAnalysisRunner static constructor.
RoslynAnalysisRunner will not be running.
RoslynAnalysisRunner has terminated.
Mono: successfully reloaded assembly
- Completed reload, in  2.457 seconds
Platform modules already initialized, skipping
Registering precompiled user dll's ...
Registered in 0.008729 seconds.
Begin MonoManager ReloadAssembly
Native extension for WindowsStandalone target not found
Native extension for WebGL target not found
Refreshing native plugins compatible for Editor in 685.61 ms, found 1 plugins.
Preloading 0 native plugins for Editor in 0.00 ms.
Invoked RoslynAnalysisRunner static constructor.
RoslynAnalysisRunner will not be running.
RoslynAnalysisRunner has terminated.
Mono: successfully reloaded assembly
- Completed reload, in  1.488 seconds
Platform modules already initialized, skipping
========================================================================
Worker process is ready to serve import requests
Launched and connected shader compiler UnityShaderCompiler.exe after 0.06 seconds
Refreshing native plugins compatible for Editor in 12.03 ms, found 1 plugins.
Preloading 0 native plugins for Editor in 0.00 ms.
Unloading 1911 Unused Serialized files (Serialized files now loaded: 0)
System memory in use before: 122.9 MB.
System memory in use after: 122.8 MB.

Unloading 24 unused Assets to reduce memory usage. Loaded Objects now: 2355.
Total: 2.495300 ms (FindLiveObjects: 0.221000 ms CreateObjectMapping: 0.043300 ms MarkObjects: 2.104700 ms  DeleteObjects: 0.124700 ms)

========================================================================
Received Import Request.
  path: Assets/0.2.v/Scenes/Interiores/casa1.unity
  artifactKey: Guid(543df08356813ad4da7ffa4beb89bc64) Importer(815301076,1909f56bfc062723c751e8b465ee728b)
Start importing Assets/0.2.v/Scenes/Interiores/casa1.unity using Guid(543df08356813ad4da7ffa4beb89bc64) Importer(815301076,1909f56bfc062723c751e8b465ee728b)  -> (artifact id: '70d04de4690d4a3725555a731c79882c') in 0.012523 seconds
  Import took 0.020362 seconds .

========================================================================
Received Prepare
Refreshing native plugins compatible for Editor in 10.72 ms, found 1 plugins.
Preloading 0 native plugins for Editor in 0.00 ms.
Unloading 10 Unused Serialized files (Serialized files now loaded: 0)
System memory in use before: 83.9 MB.
System memory in use after: 83.9 MB.

Unloading 10 unused Assets to reduce memory usage. Loaded Objects now: 2355.
Total: 2.953700 ms (FindLiveObjects: 0.340000 ms CreateObjectMapping: 0.056400 ms MarkObjects: 2.454200 ms  DeleteObjects: 0.101400 ms)

========================================================================
Received Import Request.
  Time since last request: 198.153916 seconds.
  path: Assets/0.2.v/Scenes/Interiores/casa1.unity
  artifactKey: Guid(543df08356813ad4da7ffa4beb89bc64) Importer(815301076,1909f56bfc062723c751e8b465ee728b)
Start importing Assets/0.2.v/Scenes/Interiores/casa1.unity using Guid(543df08356813ad4da7ffa4beb89bc64) Importer(815301076,1909f56bfc062723c751e8b465ee728b)  -> (artifact id: '11afe237d559be248fdb092d0ee3f443') in 0.002649 seconds
  Import took 0.012425 seconds .

========================================================================
Received Prepare
Registering precompiled user dll's ...
Registered in 0.009582 seconds.
Begin MonoManager ReloadAssembly
Native extension for WindowsStandalone target not found
Native extension for WebGL target not found
Refreshing native plugins compatible for Editor in 8.36 ms, found 1 plugins.
Preloading 0 native plugins for Editor in 0.00 ms.
Invoked RoslynAnalysisRunner static constructor.
RoslynAnalysisRunner will not be running.
RoslynAnalysisRunner has terminated.
Mono: successfully reloaded assembly
- Completed reload, in  0.810 seconds
Platform modules already initialized, skipping
Switching build target platform(5) subTarget(0) extendedPlatform(0) -> platform(13) subTarget(537395200) extendedPlatform(0)
Refreshing native plugins compatible for Editor in 8.18 ms, found 1 plugins.
Preloading 0 native plugins for Editor in 0.00 ms.
Unloading 1896 Unused Serialized files (Serialized files now loaded: 0)
System memory in use before: 121.8 MB.
System memory in use after: 121.8 MB.

Unloading 12 unused Assets to reduce memory usage. Loaded Objects now: 2359.
Total: 2.008600 ms (FindLiveObjects: 0.188600 ms CreateObjectMapping: 0.040100 ms MarkObjects: 1.676500 ms  DeleteObjects: 0.102500 ms)

AssetImportParameters requested are different than current active one (requested -> active):
  custom:graphics/normal-map-encoding: 01000000000000000000000000000000 -> 02000000000000000000000000000000
========================================================================
Received Import Request.
  Time since last request: 889.759195 seconds.
  path: Assets/0.2.v/Scenes/Interiores/casa1.unity
  artifactKey: Guid(543df08356813ad4da7ffa4beb89bc64) Importer(815301076,1909f56bfc062723c751e8b465ee728b)
Start importing Assets/0.2.v/Scenes/Interiores/casa1.unity using Guid(543df08356813ad4da7ffa4beb89bc64) Importer(815301076,1909f56bfc062723c751e8b465ee728b)  -> (artifact id: '643d0d546bda1e4f4d9d5747459a177b') in 0.011845 seconds
  Import took 0.027209 seconds .

========================================================================
Received Prepare
Registering precompiled user dll's ...
Registered in 0.008601 seconds.
Begin MonoManager ReloadAssembly
Native extension for WindowsStandalone target not found
Native extension for WebGL target not found
Refreshing native plugins compatible for Editor in 8.54 ms, found 1 plugins.
Preloading 0 native plugins for Editor in 0.00 ms.
Invoked RoslynAnalysisRunner static constructor.
RoslynAnalysisRunner will not be running.
RoslynAnalysisRunner has terminated.
Mono: successfully reloaded assembly
- Completed reload, in  0.799 seconds
Platform modules already initialized, skipping
Switching build target platform(5) subTarget(0) extendedPlatform(0) -> platform(13) subTarget(537395200) extendedPlatform(0)
Refreshing native plugins compatible for Editor in 9.27 ms, found 1 plugins.
Preloading 0 native plugins for Editor in 0.00 ms.
Unloading 1896 Unused Serialized files (Serialized files now loaded: 0)
System memory in use before: 121.9 MB.
System memory in use after: 121.9 MB.

Unloading 12 unused Assets to reduce memory usage. Loaded Objects now: 2363.
Total: 2.670100 ms (FindLiveObjects: 0.358700 ms CreateObjectMapping: 0.129900 ms MarkObjects: 2.075200 ms  DeleteObjects: 0.104300 ms)

AssetImportParameters requested are different than current active one (requested -> active):
  custom:graphics/normal-map-encoding: 01000000000000000000000000000000 -> 02000000000000000000000000000000
========================================================================
Received Import Request.
  Time since last request: 696.140377 seconds.
  path: Assets/0.2.v/Scenes/Interiores/casa1.unity
  artifactKey: Guid(543df08356813ad4da7ffa4beb89bc64) Importer(815301076,1909f56bfc062723c751e8b465ee728b)
Start importing Assets/0.2.v/Scenes/Interiores/casa1.unity using Guid(543df08356813ad4da7ffa4beb89bc64) Importer(815301076,1909f56bfc062723c751e8b465ee728b)  -> (artifact id: '4c62e4fb6ec7cb6e94e658efdb8d3b70') in 0.011473 seconds
  Import took 0.026234 seconds .

========================================================================
Received Prepare
Registering precompiled user dll's ...
Registered in 0.009292 seconds.
Begin MonoManager ReloadAssembly
Native extension for WindowsStandalone target not found
Native extension for WebGL target not found
Refreshing native plugins compatible for Editor in 8.63 ms, found 1 plugins.
Preloading 0 native plugins for Editor in 0.00 ms.
Invoked RoslynAnalysisRunner static constructor.
RoslynAnalysisRunner will not be running.
RoslynAnalysisRunner has terminated.
Mono: successfully reloaded assembly
- Completed reload, in  0.779 seconds
Platform modules already initialized, skipping
Switching build target platform(5) subTarget(0) extendedPlatform(0) -> platform(13) subTarget(537395200) extendedPlatform(0)
Refreshing native plugins compatible for Editor in 8.17 ms, found 1 plugins.
Preloading 0 native plugins for Editor in 0.00 ms.
Unloading 1896 Unused Serialized files (Serialized files now loaded: 0)
System memory in use before: 121.9 MB.
System memory in use after: 121.9 MB.

Unloading 12 unused Assets to reduce memory usage. Loaded Objects now: 2367.
Total: 2.127900 ms (FindLiveObjects: 0.261900 ms CreateObjectMapping: 0.080400 ms MarkObjects: 1.676100 ms  DeleteObjects: 0.108200 ms)

AssetImportParameters requested are different than current active one (requested -> active):
  custom:graphics/normal-map-encoding: 01000000000000000000000000000000 -> 02000000000000000000000000000000
========================================================================
Received Prepare
Registering precompiled user dll's ...
Registered in 0.008895 seconds.
Begin MonoManager ReloadAssembly
Native extension for WindowsStandalone target not found
Native extension for WebGL target not found
Refreshing native plugins compatible for Editor in 8.19 ms, found 1 plugins.
Preloading 0 native plugins for Editor in 0.00 ms.
Invoked RoslynAnalysisRunner static constructor.
RoslynAnalysisRunner will not be running.
RoslynAnalysisRunner has terminated.
Mono: successfully reloaded assembly
- Completed reload, in  0.785 seconds
Platform modules already initialized, skipping
Switching build target platform(5) subTarget(0) extendedPlatform(0) -> platform(13) subTarget(537395200) extendedPlatform(0)
Refreshing native plugins compatible for Editor in 8.19 ms, found 1 plugins.
Preloading 0 native plugins for Editor in 0.00 ms.
Unloading 1896 Unused Serialized files (Serialized files now loaded: 0)
System memory in use before: 121.9 MB.
System memory in use after: 121.9 MB.

Unloading 12 unused Assets to reduce memory usage. Loaded Objects now: 2371.
Total: 2.200600 ms (FindLiveObjects: 0.324500 ms CreateObjectMapping: 0.116600 ms MarkObjects: 1.650300 ms  DeleteObjects: 0.107700 ms)

AssetImportParameters requested are different than current active one (requested -> active):
  custom:graphics/normal-map-encoding: 01000000000000000000000000000000 -> 02000000000000000000000000000000
========================================================================
Received Import Request.
  Time since last request: 230.497664 seconds.
  path: Assets/0.2.v/Scenes/Interiores/casa4.unity
  artifactKey: Guid(031054b0da362c34dac83c09d8b1f7eb) Importer(815301076,1909f56bfc062723c751e8b465ee728b)
Start importing Assets/0.2.v/Scenes/Interiores/casa4.unity using Guid(031054b0da362c34dac83c09d8b1f7eb) Importer(815301076,1909f56bfc062723c751e8b465ee728b)  -> (artifact id: 'c0f2dc29f67d6d6b34ca32227026fd91') in 0.009556 seconds
  Import took 0.025626 seconds .

========================================================================
Received Import Request.
  Time since last request: 9.855702 seconds.
  path: Assets/Minijuegos/Memory/Sprites/solo-moneda.png
  artifactKey: Guid(d5a20f491e10de0fcadc14904cd72457) Importer(815301076,1909f56bfc062723c751e8b465ee728b)
Start importing Assets/Minijuegos/Memory/Sprites/solo-moneda.png using Guid(d5a20f491e10de0fcadc14904cd72457) Importer(815301076,1909f56bfc062723c751e8b465ee728b)  -> (artifact id: '330c91ce5465d931082f913fe0871075') in 0.075315 seconds
  Import took 0.083598 seconds .

========================================================================
Received Import Request.
  Time since last request: 0.000197 seconds.
  path: Assets/0.2.v/Prefabs/Some Interior Necessary Stuff.prefab
  artifactKey: Guid(d2890784b25a21d498a818d0e0626f0b) Importer(815301076,1909f56bfc062723c751e8b465ee728b)
Start importing Assets/0.2.v/Prefabs/Some Interior Necessary Stuff.prefab using Guid(d2890784b25a21d498a818d0e0626f0b) Importer(815301076,1909f56bfc062723c751e8b465ee728b)  -> (artifact id: '0888e9ff98f2bd09930fb1a30010dd51') in 0.121863 seconds
  Import took 0.129297 seconds .

========================================================================
Received Prepare
Registering precompiled user dll's ...
Registered in 0.008835 seconds.
Begin MonoManager ReloadAssembly
Native extension for WindowsStandalone target not found
Native extension for WebGL target not found
Refreshing native plugins compatible for Editor in 18.58 ms, found 1 plugins.
Preloading 0 native plugins for Editor in 0.00 ms.
Invoked RoslynAnalysisRunner static constructor.
RoslynAnalysisRunner will not be running.
RoslynAnalysisRunner has terminated.
Mono: successfully reloaded assembly
- Completed reload, in  0.814 seconds
Platform modules already initialized, skipping
Switching build target platform(5) subTarget(0) extendedPlatform(0) -> platform(13) subTarget(537395200) extendedPlatform(0)
Refreshing native plugins compatible for Editor in 8.46 ms, found 1 plugins.
Preloading 0 native plugins for Editor in 0.00 ms.
Unloading 1896 Unused Serialized files (Serialized files now loaded: 0)
System memory in use before: 125.3 MB.
System memory in use after: 125.3 MB.

Unloading 14 unused Assets to reduce memory usage. Loaded Objects now: 2381.
Total: 3.164700 ms (FindLiveObjects: 0.323100 ms CreateObjectMapping: 0.118200 ms MarkObjects: 2.603100 ms  DeleteObjects: 0.118600 ms)

AssetImportParameters requested are different than current active one (requested -> active):
  custom:graphics/normal-map-encoding: 01000000000000000000000000000000 -> 02000000000000000000000000000000
========================================================================
Received Import Request.
  Time since last request: 2263.860715 seconds.
  path: Assets/0.2.v/Scenes/Interiores/casa4.unity
  artifactKey: Guid(031054b0da362c34dac83c09d8b1f7eb) Importer(815301076,1909f56bfc062723c751e8b465ee728b)
Start importing Assets/0.2.v/Scenes/Interiores/casa4.unity using Guid(031054b0da362c34dac83c09d8b1f7eb) Importer(815301076,1909f56bfc062723c751e8b465ee728b)  -> (artifact id: '2e2d8f93efda71ec251158d37dc48662') in 0.014158 seconds
  Import took 0.022370 seconds .

========================================================================
Received Prepare
Registering precompiled user dll's ...
Registered in 0.008708 seconds.
Begin MonoManager ReloadAssembly
Native extension for WindowsStandalone target not found
Native extension for WebGL target not found
Refreshing native plugins compatible for Editor in 8.17 ms, found 1 plugins.
Preloading 0 native plugins for Editor in 0.00 ms.
Invoked RoslynAnalysisRunner static constructor.
RoslynAnalysisRunner will not be running.
RoslynAnalysisRunner has terminated.
Mono: successfully reloaded assembly
- Completed reload, in  0.813 seconds
Platform modules already initialized, skipping
Switching build target platform(5) subTarget(0) extendedPlatform(0) -> platform(13) subTarget(537395200) extendedPlatform(0)
Refreshing native plugins compatible for Editor in 8.12 ms, found 1 plugins.
Preloading 0 native plugins for Editor in 0.00 ms.
Unloading 1896 Unused Serialized files (Serialized files now loaded: 0)
System memory in use before: 125.3 MB.
System memory in use after: 125.3 MB.

Unloading 12 unused Assets to reduce memory usage. Loaded Objects now: 2385.
Total: 2.488400 ms (FindLiveObjects: 0.200100 ms CreateObjectMapping: 0.079400 ms MarkObjects: 2.100700 ms  DeleteObjects: 0.107000 ms)

AssetImportParameters requested are different than current active one (requested -> active):
  custom:graphics/normal-map-encoding: 01000000000000000000000000000000 -> 02000000000000000000000000000000
========================================================================
Received Import Request.
  Time since last request: 48.563848 seconds.
  path: Assets/0.2.v/Prefabs/Characters/Players.prefab
  artifactKey: Guid(8c07c6c8e33efd54189244e0030cc015) Importer(815301076,1909f56bfc062723c751e8b465ee728b)
Start importing Assets/0.2.v/Prefabs/Characters/Players.prefab using Guid(8c07c6c8e33efd54189244e0030cc015) Importer(815301076,1909f56bfc062723c751e8b465ee728b)  -> (artifact id: '8698cd7a4feccf0beee492f3f536f5cb') in 0.034768 seconds
  Import took 0.041949 seconds .

========================================================================
Received Prepare
Registering precompiled user dll's ...
Registered in 0.009046 seconds.
Begin MonoManager ReloadAssembly
Native extension for WindowsStandalone target not found
Native extension for WebGL target not found
Refreshing native plugins compatible for Editor in 8.32 ms, found 1 plugins.
Preloading 0 native plugins for Editor in 0.00 ms.
Invoked RoslynAnalysisRunner static constructor.
RoslynAnalysisRunner will not be running.
RoslynAnalysisRunner has terminated.
Mono: successfully reloaded assembly
- Completed reload, in  0.792 seconds
Platform modules already initialized, skipping
Switching build target platform(5) subTarget(0) extendedPlatform(0) -> platform(13) subTarget(537395200) extendedPlatform(0)
Refreshing native plugins compatible for Editor in 8.38 ms, found 1 plugins.
Preloading 0 native plugins for Editor in 0.00 ms.
Unloading 1896 Unused Serialized files (Serialized files now loaded: 0)
System memory in use before: 125.3 MB.
System memory in use after: 125.3 MB.

Unloading 12 unused Assets to reduce memory usage. Loaded Objects now: 2389.
Total: 2.794700 ms (FindLiveObjects: 0.343400 ms CreateObjectMapping: 0.086200 ms MarkObjects: 2.204300 ms  DeleteObjects: 0.158600 ms)

AssetImportParameters requested are different than current active one (requested -> active):
  custom:graphics/normal-map-encoding: 01000000000000000000000000000000 -> 02000000000000000000000000000000
========================================================================
Received Import Request.
  Time since last request: 427.460065 seconds.
  path: Assets/0.2.v/Scenes/Interiores/casa4.unity
  artifactKey: Guid(031054b0da362c34dac83c09d8b1f7eb) Importer(815301076,1909f56bfc062723c751e8b465ee728b)
Start importing Assets/0.2.v/Scenes/Interiores/casa4.unity using Guid(031054b0da362c34dac83c09d8b1f7eb) Importer(815301076,1909f56bfc062723c751e8b465ee728b)  -> (artifact id: 'ca946dab1168c3abffe9c02218392224') in 0.012867 seconds
  Import took 0.028073 seconds .

========================================================================
Received Prepare
Registering precompiled user dll's ...
Registered in 0.008717 seconds.
Begin MonoManager ReloadAssembly
Native extension for WindowsStandalone target not found
Native extension for WebGL target not found
Refreshing native plugins compatible for Editor in 9.76 ms, found 1 plugins.
Preloading 0 native plugins for Editor in 0.00 ms.
Invoked RoslynAnalysisRunner static constructor.
RoslynAnalysisRunner will not be running.
RoslynAnalysisRunner has terminated.
Mono: successfully reloaded assembly
- Completed reload, in  0.805 seconds
Platform modules already initialized, skipping
Switching build target platform(5) subTarget(0) extendedPlatform(0) -> platform(13) subTarget(537395200) extendedPlatform(0)
Refreshing native plugins compatible for Editor in 8.27 ms, found 1 plugins.
Preloading 0 native plugins for Editor in 0.00 ms.
Unloading 1896 Unused Serialized files (Serialized files now loaded: 0)
System memory in use before: 125.3 MB.
System memory in use after: 125.3 MB.

Unloading 12 unused Assets to reduce memory usage. Loaded Objects now: 2393.
Total: 2.761900 ms (FindLiveObjects: 0.323100 ms CreateObjectMapping: 0.091700 ms MarkObjects: 2.237100 ms  DeleteObjects: 0.107600 ms)

AssetImportParameters requested are different than current active one (requested -> active):
  custom:graphics/normal-map-encoding: 01000000000000000000000000000000 -> 02000000000000000000000000000000
========================================================================
Received Import Request.
  Time since last request: 352.435020 seconds.
  path: Assets/0.2.v/Scenes/Interiores/casa4.unity
  artifactKey: Guid(031054b0da362c34dac83c09d8b1f7eb) Importer(815301076,1909f56bfc062723c751e8b465ee728b)
Start importing Assets/0.2.v/Scenes/Interiores/casa4.unity using Guid(031054b0da362c34dac83c09d8b1f7eb) Importer(815301076,1909f56bfc062723c751e8b465ee728b)  -> (artifact id: '9d988d7de0b50e4b840c351503b7bab9') in 0.012687 seconds
  Import took 0.027555 seconds .

========================================================================
Received Prepare
Registering precompiled user dll's ...
Registered in 0.009037 seconds.
Begin MonoManager ReloadAssembly
Native extension for WindowsStandalone target not found
Native extension for WebGL target not found
Refreshing native plugins compatible for Editor in 8.61 ms, found 1 plugins.
Preloading 0 native plugins for Editor in 0.00 ms.
Invoked RoslynAnalysisRunner static constructor.
RoslynAnalysisRunner will not be running.
RoslynAnalysisRunner has terminated.
Mono: successfully reloaded assembly
- Completed reload, in  0.834 seconds
Platform modules already initialized, skipping
Switching build target platform(5) subTarget(0) extendedPlatform(0) -> platform(13) subTarget(537395200) extendedPlatform(0)
Refreshing native plugins compatible for Editor in 8.61 ms, found 1 plugins.
Preloading 0 native plugins for Editor in 0.00 ms.
Unloading 1896 Unused Serialized files (Serialized files now loaded: 0)
System memory in use before: 125.4 MB.
System memory in use after: 125.4 MB.

Unloading 12 unused Assets to reduce memory usage. Loaded Objects now: 2397.
Total: 2.347900 ms (FindLiveObjects: 0.341200 ms CreateObjectMapping: 0.119800 ms MarkObjects: 1.774300 ms  DeleteObjects: 0.111000 ms)

AssetImportParameters requested are different than current active one (requested -> active):
  custom:graphics/normal-map-encoding: 01000000000000000000000000000000 -> 02000000000000000000000000000000
========================================================================
Received Import Request.
  Time since last request: 303.171494 seconds.
  path: Assets/0.2.v/Scenes/Interiores/casa4.unity
  artifactKey: Guid(031054b0da362c34dac83c09d8b1f7eb) Importer(815301076,1909f56bfc062723c751e8b465ee728b)
Start importing Assets/0.2.v/Scenes/Interiores/casa4.unity using Guid(031054b0da362c34dac83c09d8b1f7eb) Importer(815301076,1909f56bfc062723c751e8b465ee728b)  -> (artifact id: 'cbb7ac639fb6015b1cae39bbfcba6064') in 0.012673 seconds
  Import took 0.028318 seconds .

========================================================================
Received Prepare
Registering precompiled user dll's ...
Registered in 0.008921 seconds.
Begin MonoManager ReloadAssembly
Native extension for WindowsStandalone target not found
Native extension for WebGL target not found
Refreshing native plugins compatible for Editor in 13.45 ms, found 1 plugins.
Preloading 0 native plugins for Editor in 0.00 ms.
Invoked RoslynAnalysisRunner static constructor.
RoslynAnalysisRunner will not be running.
RoslynAnalysisRunner has terminated.
Mono: successfully reloaded assembly
- Completed reload, in  0.880 seconds
Platform modules already initialized, skipping
Switching build target platform(5) subTarget(0) extendedPlatform(0) -> platform(13) subTarget(537395200) extendedPlatform(0)
Refreshing native plugins compatible for Editor in 9.02 ms, found 1 plugins.
Preloading 0 native plugins for Editor in 0.00 ms.
Unloading 1896 Unused Serialized files (Serialized files now loaded: 0)
System memory in use before: 125.4 MB.
System memory in use after: 125.4 MB.

Unloading 12 unused Assets to reduce memory usage. Loaded Objects now: 2401.
Total: 3.195600 ms (FindLiveObjects: 0.307900 ms CreateObjectMapping: 0.147200 ms MarkObjects: 2.626900 ms  DeleteObjects: 0.112400 ms)

AssetImportParameters requested are different than current active one (requested -> active):
  custom:graphics/normal-map-encoding: 01000000000000000000000000000000 -> 02000000000000000000000000000000
========================================================================
Received Import Request.
  Time since last request: 483.099598 seconds.
  path: Assets/0.2.v/Scenes/Interiores/casa4.unity
  artifactKey: Guid(031054b0da362c34dac83c09d8b1f7eb) Importer(815301076,1909f56bfc062723c751e8b465ee728b)
Start importing Assets/0.2.v/Scenes/Interiores/casa4.unity using Guid(031054b0da362c34dac83c09d8b1f7eb) Importer(815301076,1909f56bfc062723c751e8b465ee728b)  -> (artifact id: '0d37a441ad5d77e946711f72f6ed1e58') in 0.012685 seconds
  Import took 0.029372 seconds .

========================================================================
Received Prepare
Registering precompiled user dll's ...
Registered in 0.010119 seconds.
Begin MonoManager ReloadAssembly
Native extension for WindowsStandalone target not found
Native extension for WebGL target not found
Refreshing native plugins compatible for Editor in 9.42 ms, found 1 plugins.
Preloading 0 native plugins for Editor in 0.00 ms.
Invoked RoslynAnalysisRunner static constructor.
RoslynAnalysisRunner will not be running.
RoslynAnalysisRunner has terminated.
Mono: successfully reloaded assembly
- Completed reload, in  0.838 seconds
Platform modules already initialized, skipping
Switching build target platform(5) subTarget(0) extendedPlatform(0) -> platform(13) subTarget(537395200) extendedPlatform(0)
Refreshing native plugins compatible for Editor in 8.04 ms, found 1 plugins.
Preloading 0 native plugins for Editor in 0.00 ms.
Unloading 1896 Unused Serialized files (Serialized files now loaded: 0)
System memory in use before: 125.4 MB.
System memory in use after: 125.4 MB.

Unloading 12 unused Assets to reduce memory usage. Loaded Objects now: 2405.
Total: 2.411200 ms (FindLiveObjects: 0.301500 ms CreateObjectMapping: 0.118800 ms MarkObjects: 1.873000 ms  DeleteObjects: 0.116600 ms)

AssetImportParameters requested are different than current active one (requested -> active):
  custom:graphics/normal-map-encoding: 01000000000000000000000000000000 -> 02000000000000000000000000000000
========================================================================
Received Import Request.
  Time since last request: 102.809751 seconds.
  path: Assets/0.2.v/Scenes/Interiores/casa4.unity
  artifactKey: Guid(031054b0da362c34dac83c09d8b1f7eb) Importer(815301076,1909f56bfc062723c751e8b465ee728b)
Start importing Assets/0.2.v/Scenes/Interiores/casa4.unity using Guid(031054b0da362c34dac83c09d8b1f7eb) Importer(815301076,1909f56bfc062723c751e8b465ee728b)  -> (artifact id: 'f1a3f1199359d7305563408f601b0821') in 0.012359 seconds
  Import took 0.027502 seconds .

========================================================================
Received Prepare
Registering precompiled user dll's ...
Registered in 0.009216 seconds.
Begin MonoManager ReloadAssembly
Native extension for WindowsStandalone target not found
Native extension for WebGL target not found
Refreshing native plugins compatible for Editor in 13.50 ms, found 1 plugins.
Preloading 0 native plugins for Editor in 0.00 ms.
Invoked RoslynAnalysisRunner static constructor.
RoslynAnalysisRunner will not be running.
RoslynAnalysisRunner has terminated.
Mono: successfully reloaded assembly
- Completed reload, in  0.844 seconds
Platform modules already initialized, skipping
Switching build target platform(5) subTarget(0) extendedPlatform(0) -> platform(13) subTarget(537395200) extendedPlatform(0)
Refreshing native plugins compatible for Editor in 8.63 ms, found 1 plugins.
Preloading 0 native plugins for Editor in 0.00 ms.
Unloading 1896 Unused Serialized files (Serialized files now loaded: 0)
System memory in use before: 125.4 MB.
System memory in use after: 125.4 MB.

Unloading 12 unused Assets to reduce memory usage. Loaded Objects now: 2409.
Total: 2.737100 ms (FindLiveObjects: 0.424500 ms CreateObjectMapping: 0.152700 ms MarkObjects: 2.041800 ms  DeleteObjects: 0.116600 ms)

AssetImportParameters requested are different than current active one (requested -> active):
  custom:graphics/normal-map-encoding: 01000000000000000000000000000000 -> 02000000000000000000000000000000
========================================================================
Received Prepare
Registering precompiled user dll's ...
Registered in 0.008907 seconds.
Begin MonoManager ReloadAssembly
Native extension for WindowsStandalone target not found
Native extension for WebGL target not found
Refreshing native plugins compatible for Editor in 8.13 ms, found 1 plugins.
Preloading 0 native plugins for Editor in 0.00 ms.
Invoked RoslynAnalysisRunner static constructor.
RoslynAnalysisRunner will not be running.
RoslynAnalysisRunner has terminated.
Mono: successfully reloaded assembly
- Completed reload, in  0.811 seconds
Platform modules already initialized, skipping
Switching build target platform(5) subTarget(0) extendedPlatform(0) -> platform(13) subTarget(537395200) extendedPlatform(0)
Refreshing native plugins compatible for Editor in 8.04 ms, found 1 plugins.
Preloading 0 native plugins for Editor in 0.00 ms.
Unloading 1896 Unused Serialized files (Serialized files now loaded: 0)
System memory in use before: 125.4 MB.
System memory in use after: 125.4 MB.

Unloading 12 unused Assets to reduce memory usage. Loaded Objects now: 2413.
Total: 2.269300 ms (FindLiveObjects: 0.370500 ms CreateObjectMapping: 0.121800 ms MarkObjects: 1.660300 ms  DeleteObjects: 0.114700 ms)

AssetImportParameters requested are different than current active one (requested -> active):
  custom:graphics/normal-map-encoding: 01000000000000000000000000000000 -> 02000000000000000000000000000000
